  836  ls
  837  cat stripped_hello 
  838  ls -l
  839  file stripped_hello 
  840  file hello
  841  rm hello
  842  ls
  843  gcc -o hello helloworld.c 
  844  ls
  845  rm stripped_hello 
  846  la
  847  ls
  848  cp hello stripped_hello
  849  strip stripped_hello 
  850  ls
  851  ls -l
  852  cat hello
  853  cat stripped_hello 
  854  cp helloworld.c helloworld1.c 
  855  ls
  856  vi helloworld1.c
  857  gcc -o hello1 helloworld1.c
  858  ./hello1
  859  cp hello1 stripped_hello1
  860  strip stripped_hello1 
  861  ls -l
  862  man nm
  863  echo $PATH
  864  which hello1
  865  PATH=$PATH:/home/akshay/Linux_training/Work1/hello1
  866  echo $PATH
  867  hello1
  868  sudo apt install gcc-aarch64-linux-gnu
  869  $ aarch64-linux-gnu-gcc -o hello_arm helloworld.c
  870  aarch64-linux-gnu-gcc -o hello_arm helloworld.c
  871  ls
  872  file hello_arm
  873  echo $PATH
  874  a
  875  echo $a
  876  echo $g
  877  ls 
  878  ls -l
  879  which hello
  880  which cp
  881  which helloworld1.c
  882  hello
  883  man hello
  884  man man 
  885  ls hello
  886  pwd
  887  exit
  888  which hello1
  889  hello1
  890  hello
  891  $PATH
  892  echo $PATH
  893  which hello1
  894  whereis hello1
  895  which hello1
  896  whatis hello1
  897  which hello1
  898  which hello
  899  which hello1
  900  ls hello1
  901  which hello
  902  which hello1
  903  lshello1
  904  ls hello1
  905  ls hello
  906  which hello
  907  ls
  908  cd 
  909  echo $PATH
  910  PATH=" "
  911  ls
  912  PATH=$PATH:/usr/local/sbin:/usr/local/bin:/usr/sbin:/usr/bin:/sbin:/bin:/usr/games:/usr/local/games:/snap/bin:/snap/bin
  913  export $PATH
  914  ls
  915  exit
  916  ls
  917  which cat 
  918  which ls
  919  which cp
  920  which cl
  921  which touch
  922  ls
  923  list
  924  alias list='ls'
  925  list
  926  whereis sp
  927  whereis cp
  928  unalias list
  929  list
  930  cd Linux_training/
  931  cd Work1/
  932  ls
  933  nm helloworld1.c 
  934  nm stripped_hello
  935  nm  hello1
  936  nm stripped_hello
  937  hello
  938  name=Akshaya Baalaji 
  939  name=AkshayaBaalaji 
  940  echo $name
  941  a=5
  942  b=5
  943  c=$a+$b
  944  echo $c
  945  echo "Today is date "
  946  echo "Today is 'date' "
  947  echo "Today is `date` "
  948  echo $date
  949  echo date
  950  echo $date
  951  date
  952  month
  953  year
  954  date
  955  man date
  956  time
  957  man time
  958  :w
  959  ls
  960  vi shellscript.sh
  961  bash shellscript.sh 
  962  vi shellscript.sh
  963  cat shellscript.sh 
  964  bash shellscript.sh 
  965  date
  966  ./shellscript.ch
  967  ls -l
  968  rm a.sh 
  969  chmod u+x shellscript.sh 
  970  ls
  971  ls -l
  972  ./shellscript.sh 
  973  bash shellscript.sh 
  974  man bash
  975  info bashj
  976  info bash
  977  whatis cat
  978  \shellscript.sh 
  979  shellscript.sh 
  980  pwd
  981  PATH=$PATH:/home/akshay/Linux_training/Work1
  982  export $PATH
  983  PATH=$PATH:/home/akshay/Linux_training/Work1/
  984  export PATH
  985  shellscript.sh 
  986  echo PATH
  987  echo $PATH
  988  $c
  989  c
  990  echo $c
  991  c ='HEllo'
  992  c='HEllo'
  993  export c
  994  echo $c
  995  alias cd
  996  alias list
  997  alias list='ls'
  998  list
  999  alias cd
 1000  echo $PATH
 1001  cd /bin
 1002  ls -l
 1003  ls -l | head -10
 1004  echo $PATH
 1005  ls -l | head -2 
 1006  PATH=""
 1007  echo $PATH
 1008  ls 
 1009  echo $PATH
 1010  exit
 1011  date 
 1012  echo $PATH
 1013  cd ..
 1014  cd ../..
 1015  ls 
 1016  cd akshay/
 1017  ls
 1018  ls -a
 1019  ls -.bash
 1020  ls .bash
 1021  ls 
 1022  ls -a
 1023  cat .bashrc 
 1024  :Wq
 1025  :wq
 1026  exit
 1027  cd /bin
 1028  ls
 1029  echo $PATH
 1030  PATH=""
 1031  ls
 1032  cd ~
 1033  cd Linux_training/
 1034  cd Work1/
 1035  ls
 1036  exit
 1037  echo $PATH
 1038  PATH=""
 1039  ls
 1040  rm
 1041  ls
 1042  PATH=/usr/local/sbin:/usr/local/bin:/usr/sbin:/usr/bin:/sbin:/bin:/usr/games:/usr/local/games:/snap/bin:/snap/bin
 1043  ls
 1044  mv shellscript.sh ~/Linux_training/Work2/
 1045  ls
 1046  exit 
 1047  ls
 1048  cd .. 
 1049  cd Work2
 1050  ls
 1051  LOGNMAE
 1052  $LOGNMAE
 1053  echo $LOGNAME
 1054  ls
 1055  vi hello.h 
 1056  vi shortcut.h 
 1057  vi hello.h 
 1058  vi shortcut.h 
 1059  vi hello.h 
 1060  ls
 1061  mkdir shortcut working 
 1062  ls
 1063  mkdir shortcut_working 
 1064  rm shortcut
 1065  rm shortcut/
 1066  rm -r shortcut/
 1067  rm -r ls
 1068  ls
 1069  rm -r working/
 1070  ls
 1071  mv hello.h shortcut_working/
 1072  mv shortcut.h shortcut_working/
 1073  ls
 1074  vi shellscript.sh 
 1075  vi practicescripting.sh 
 1076  ./practicescripting.sh 
 1077  bash practicescripting.sh 
 1078  cat practiceshell.sh 
 1079  cat practicescripting.sh 
 1080  bash practicescripting.sh 
 1081  ls
 1082  ls | wc
 1083  wc  practicescripting.sh 
 1084  man wc
 1085  cd / 
 1086  ls
 1087  cd / bin
 1088  cd /bin
 1089  ls
 1090  cat env
 1091  cat xgc
 1092  cat
 1093  cat cat
 1094  cat 
 1095  cat cat
 1096  ls
 1097  cd /home
 1098  ls
 1099  sudo rm -r sample 
 1100  ls
 1101  tcd akshay/
 1102  \cd akshay/
 1103  exit
 1104  echo $name
 1105  name="Baalaji"
 1106  echo $name
 1107  exit
 1108  echo $name
 1109  ls -l /bin
 1110  /bin ll
 1111  /bin ls
 1112  lin /bin 
 1113  ls /bin 
 1114  ls /bin | more
 1115  ls /bin | less
 1116  ls
 1117  file commands.sh 
 1118  exit
 1119  name 
 1120  echo $name 
 1121  exit
 1122  tty]
 1123  tty
 1124  exit
 1125  cat /proc/cmdline
 1126  ls
 1127  man explain
 1128  man random
 1129  cd /etc
 1130  ls rc*
 1131  pstree
 1132  jps
 1133  cd ~
 1134  ls
 1135  vi installjps.sh
 1136  bash installjps.sh
 1137  exit
 1138  ls
 1139  cat installjps.sh 
 1140  cat commands.sh 
 1141  ls
 1142  ls -l
 1143  cd Linux_training/Work1/
 1144  cd Linux_training/Work1/ls
 1145  ls
 1146  rm tr
 1147  rm filename 
 1148  ls
 1149  ls -lt
 1150  vi sample_repeat 
 1151  :wq
 1152  cd ..
 1153  ls
 1154  cd Logs/
 1155  ls
 1156  cd ..
 1157  ls
 1158  cd Work2/
 1159  ls
 1160  cd ..
 1161  cd Work1/
 1162  ls
 1163  ls -t
 1164  ls -tl
 1165  vi vipractice
 1166  mv vipractice vipractice_searchprac
 1167  vi vipractice_grep_prac
 1168  cat vipractice_grep_prac 
 1169  ls | grep "fobo*" 
 1170  grep Fruit vipractice_grep_prac 
 1171  grep '^A' vipractice_grep_prac 
 1172  grep '6$' vipractice_grep_prac 
 1173  grep '1..' vipractice_grep_prac 
 1174  grep -rl "fi"  
 1175  cat hello
 1176  vi hello
 1177  grep -rl "fi"  
 1178  grep  "fruit"  
 1179  grep "fruit" /home/akshay/Linux_training/Work1/ 
 1180  grep -rl "fruit" /home/akshay/Linux_training/Work1/ 
 1181  grep -rl "fi"  
 1182  grep -rl "fruit"  
 1183  grep -rlt "fruit"   
 1184  grep -rl "fruit"   
 1185  sls
 1186  ls
 1187  ls -t
 1188  cd ..
 1189  ls
 1190  cd Work2/
 1191  ls
 1192  cd ..
 1193  cd Worl1
 1194  cd Work1
 1195  ls
 1196  ls -lt
 1197  grep -arl "fruit" 
 1198  grep "fruit"  
 1199  grep "fruit"  vipractice_searchprac 
 1200  grep "fruit"  vipractice_grep_prac 
 1201  grep  -rl "fruit" 
 1202  ls
 1203  grep "Fruit"  vipractice_grep_prac 
 1204  grep -rl "Fruit"  vipractice_grep_prac 
 1205  grep -rl "Fruit"  
 1206  grep -rl "Apple"  
 1207  grep -rl "Love"  
 1208  rm .Love_prob.swp 
 1209  grep '^[AT]' vipractice_grep_prac 
 1210  grep '^[^AT]' vipractice_grep_prac 
 1211  grep -l "Apple"  
 1212  grep -i "apple"  
 1213  grep -i "apple"  vipractice_grep_prac 
 1214  grep -i "banana"  vipractice_grep_prac 
 1215  grep -l "banana"  vipractice_grep_prac vi 
 1216  vi banana
 1217  grep -l "banana"  vipractice_grep_prac 
 1218  rm banana 
 1219  vi vipractice_grep_prac 
 1220  exit
 1221  cd /
 1222  ls 
 1223  ls s*
 1224  grep -rl "a"
 1225  grep -rl "aa"
 1226  grep -rl "akshay"
 1227  exit
 1228  cd
 1229  cd C_programming/Ctraining/
 1230  ls
 1231  ls | grep "fibo"
 1232  ls | grep "fibonocci"
 1233  ls | grep -o "fibonocci"
 1234  ls | grep -rl "fibonocci"
 1235  ls | grep -rl "fibo"
 1236  ls | grep -rl "fib"
 1237  cat fibo.c 
 1238  :wq
 1239  grep -rl "fib" ls
 1240  grep -rl "fib" ~/C_programming/Ctraining/
 1241  grep -rl "fib" 
 1242  grep -arl "fib" 
 1243  cat fibo
 1244  cat fibo.c 
 1245  :Wq
 1246  ls
 1247  grep -arl "str" 
 1248  exit
 1249  tty
 1250  jps
 1251  ps
 1252  tty
 1253  top
 1254  ps -ef
 1255  kill -9 2423 
 1256  kill -9 2429
 1257  kill -9 2415 
 1258  ps -ef
 1259  kill -9 2432
 1260  exit
 1261  ls
 1262  exit
 1263  ls
 1264  cd Linux_training/Work2/
 1265  vi disk_utilization.sh 
 1266  bash disk_utilization.sh 
 1267  sudo user akshay
 1268  top 
 1269  cd /
 1270  ls
 1271  cd boot/
 1272  ls
 1273  cd ..
 1274  cd /cdrom/
 1275  ls
 1276  cd ..
 1277  cd dev/
 1278  ls
 1279  cd /proc/
 1280  ls
 1281  ls 2332/ 
 1282  ls -l | wc -l 
 1283  exit
 1284  exi
 1285  exit
 1286  sudo init 0  
 1287  tty
 1288  cd ..
 1289  stat shortcut_working/
 1290  ls 
 1291  stat disk_utilization.sh 
 1292  exit
 1293  tty
 1294  cd Linux_training/Work1/
 1295  ls 
 1296  grep -P '\s6' vipractice_grep_prac 
 1297  vi vipractice_grep_prac 
 1298  grep -P '\s6' vipractice_grep_prac 
 1299  man grep 
 1300  sudo init 1 
 1301  ls
 1302  sudo init 2 
 1303  cd Downloads
 1304  ls 
 1305  tar -xvf 
 1306  tar -xvf  linux-6.7.make menuconfig
 1307  exit
 1308  a.out
 1309  ./a.out
 1310  ls
 1311  vi main_prog_org.c 
 1312  exit
 1313  vi main_prog_org.c
 1314  gcc main_prog_org.c 
 1315  ./a.out 
 1316  vi main_prog_org.c
 1317  gcc main_prog_org.c 
 1318  ./a.out 
 1319  vi main_prog_org.c
 1320  gcc main_prog_org.c 
 1321  ./a.out 
 1322  vi main_prog_org.c
 1323  gcc main_prog_org.c 
 1324  ./a.out 
 1325  vi main_prog_org.c
 1326  gcc main_prog_org.c 
 1327  ./a.out 
 1328  vi main_prog_org.c
 1329  gcc main_prog_org.c 
 1330  ./a.out 
 1331  vi main_prog_org.c
 1332  gcc main_prog_org.c 
 1333  ./a.out 
 1334  vi main_prog_org.c
 1335  gcc main_prog_org.c 
 1336  vi main_prog_org.c
 1337  gcc main_prog_org.c 
 1338  ./a.out 
 1339  vi main_prog_org.c
 1340  gcc main_prog_org.c 
 1341  ./a.out 
 1342  vi main_prog_org.c
 1343  gcc main_prog_org.c 
 1344  ./a.out 
 1345  exit
 1346  pwd
 1347  ./a.out 
 1348  cd dynamiclib_2/
 1349  ./a.out 
 1350  ls -l 
 1351  du -h
 1352  du -h main_prog.c 
 1353  du -h main_prog_org.c 
 1354  du -h main_prog.c man du
 1355  man du
 1356  du -b main_prog.c 
 1357  du -b main_prog_org.c 
 1358  du -b libdynamic_lib.so 
 1359  du - libdynamic_lib.so 
 1360  cd ../,..
 1361  cd ../..
 1362  ls -l
 1363  exit
 1364  ls
 1365  echo `PWD`
 1366  echo `pwd`
 1367  echo `ls`
 1368  CD Linux_training/Work1/
 1369  ls
 1370  cd Linux_training/Work1/
 1371  ls
 1372  gcc -s main_prog.c 
 1373  gcc -S main_prog.c 
 1374  ls 
 1375  file main_prog.s 
 1376  gcc -c main_prog.c 
 1377  file main_prog.o
 1378  ls 
 1379  ls main_prog.
 1380  ls main_prog*
 1381  cat main_prog.s
 1382  cat main_prog.o
 1383  ls -lF |  grep '/'
 1384  ls -lF |  grep '*/'
 1385  ls -lF |  grep '/'
 1386  cd create_lib/
 1387  ls
 1388  ls l
 1389  ls -l
 1390  man ls
 1391  man ar
 1392  nm lib.a
 1393  ls
 1394  mkdir dynamic_lib
 1395  ls
 1396  cd dynamic_lib/
 1397  vi 
 1398  vi main_prog
 1399  mv main_prog main_prog.c
 1400  vi main_prog.c 
 1401  gcc main_prog.c 
 1402  vi main_prog.c 
 1403  gcc main_prog.c 
 1404  ./a.out 
 1405  cp main_prog.c main_program.c
 1406  vi main_program.c 
 1407  gcc main_program.c add.c sub.c mul.c div.c 
 1408  ./a.out 
 1409  vi main_prog.c 
 1410  cd ..
 1411  ls
 1412  cat main_prog.scd ..
 1413  cd..
 1414  cd ..
 1415  ls
 1416  cd Logs/
 1417  history > 29_02_24.log
 1418  vi 29_02_24.log 
 1419  ls
 1420  cd ./.
 1421  cd ..
 1422  cd Work1/
 1423  cd create_lib/
 1424  ls
 1425  ar crv lib.a mul.o sub.o add.o div.o 
 1426  gcc main.c lib.a .a
 1427  gcc main.c lib.a 
 1428  ./a.out
 1429  gcc main.c lib.a
 1430  ls
 1431  gcc main.c lib.a
 1432  ar crv lib.a mul.o sub.o add.o div.o 
 1433  gcc main.c lib.a 
 1434  gcc main.c add.c sub.c  mul.c div.c
 1435  ./a.out
 1436  gcc -c add.c sub.c  mul.c div.c
 1437  ar crv lib.a mul.o sub.o add.o div.o 
 1438  gcc main.c lib.a
 1439  ./a.out 
 1440  cd dynamic_lib/
 1441  lls 
 1442  ls
 1443  gcc main_prog.c 
 1444  gcc -c add.c mul.c sub.c div.c 
 1445  gcc -fPIC -c add.c mul.c sub.c div.c 
 1446  gcc -shared dyn_lib.so add.o mul.o div.o sub.o
 1447  gcc -shared -o dyn_lib.so add.o mul.o div.o sub.o
 1448  gcc main_prog.c -L. -ltest
 1449  ls
 1450  rm dyn_lib.so 
 1451  gcc -shared -o libdynamic_prg.so add.o mul.o div.o sub.o
 1452  gcc main_prog.c -L. -ldynamic_prg
 1453  ./a.out 
 1454  echo $LD_LIBRARY_PATH
 1455  LD_LIBRARY_PATH=$LD_LIBRARY_PATH:/home/akshay/Linux_training/Work1/create_lib/dynamic_lib
 1456  echo $LD_LIBRARY_PATH
 1457  ./a.out 
 1458  export $LD_LIBRARY_PATH
 1459  export LD_LIBRARY_PATH
 1460  export $LD_LIBRARY_PATH
 1461  echo $LD_LIBRARY_PATH
 1462  LD_LIBRARY_PATH=" "
 1463  export $LD_LIBRARY_PATH
 1464  echo $LD_LIBRARY_PATH
 1465  pwd
 1466  LD_LIBRARY_PATH=$LD_LIBRARY_PATH:/home/akshay/Linux_training/Work1/create_lib/dynamic_lib
 1467  export $LD_LIBRARY_PATH
 1468  LD_LIBRARY_PATH=$LD_LIBRARY_PATH:'/home/akshay/Linux_training/Work1/create_lib/dynamic_lib'
 1469  export $LD_LIBRARY_PATH
 1470  PATH=$PATH:/home/akshay/Linux_training/Work1/create_lib/dynamic_lib
 1471  export PATH
 1472  gcc main_prog.c -L. -ldynamic_prg
 1473  a.out
 1474  pwd
 1475  export $LD_LIBRARY_PATH
 1476  echo $LD_LIBRARY_PATH
 1477  export LD_LIBRARY_PATH
 1478  echo $LD_LIBRARY_PATH
 1479  gcc main_prog.c -L. -ldynamic_prg
 1480  ./a.out 
 1481  gcc main_prog.c -L. -ldynamic_prg
 1482  ./a.out 
 1483  cd ls
 1484  which ls
 1485  cho $PATH
 1486  eho $PATH
 1487  echo $PATH
 1488  which ls
 1489  a.out
 1490  whereis $PATH
 1491  ls
 1492  mkdir dynamiclib_2
 1493  cd dynamiclib_2/
 1494  a.out 
 1495  ls 
 1496  vi main_prog.c
 1497  gcc main_prog.c 
 1498  ./a.out 
 1499  vi main_prog.c
 1500  gcc main_prog.c 
 1501  ./a.out 
 1502  vi main_prog.c
 1503  gcc main_prog.c kg.c faren.c 
 1504  vi main_prog.c
 1505  gcc main_prog.c kg.c faren.c 
 1506  ./a.out 
 1507  gcc -fPIC -c kg.c faren.c 
 1508  gcc -shared -o libdynamic_lib.so kg.o faren.o 
 1509  ./a.out 
 1510  ls -l
 1511  vi main_prog.c 
 1512  gcc main_prog.c kg.c faren.c 
 1513  ./a.out 
 1514  vi main_prog.c 
 1515  vi faren.c 
 1516  gcc -fPIC -c kg.c faren.c 
 1517  gcc -shared -o libdynamic_lib.so kg.o faren.o 
 1518  ./a.out 
 1519  vi main_prog.c 
 1520  vi main_prog_org.c 
 1521  ls -l 
 1522  echo $LIB_LIBRARY_PATH
 1523  exit
 1524  vi kg.c 
 1525  vi faren.c 
 1526  exit
 1527  vi functions.h
 1528  vi kg.c
 1529  vi faren
 1530  mv faren faren.c
 1531  vi faren
 1532  rm faren
 1533  vi faren.c 
 1534  vi kg.c
 1535  vi kg.cexit
 1536  rm kg.cexit
 1537  exit
 1538  cd  ../..
 1539  cd C_programming/
 1540  ls
 1541  cd Ctraining/
 1542  ls 
 1543  vi deepindexmethodonpointer.c 
 1544  vi pointeronarray.c 
 1545  vi voidtypecastpointer.c 
 1546  vi chararray.c 
 1547  exit
 1548  pwd
 1549  exit
 1550  cd Linux_training/
 1551  ls
 1552  cd project1/
 1553  ls
 1554  rm main_prog.c 
 1555  vi main_prog.c
 1556  rm main_prog.c 
 1557  ls
 1558  vi main_prog.c
 1559  rm main_prog.c
 1560  ls
 1561  vi prog_main.c
 1562  gcc prog_main.c 
 1563  vi prog_main.c
 1564  gcc prog_main.c 
 1565  vi prog_main.c
 1566  gcc prog_main.c 
 1567  ./a.out 
 1568  vi prog_main.c
 1569  exit
 1570  psude init 1
 1571  pseudo init 1
 1572  sudo init 1
 1573  echo $owner
 1574  exit
 1575  cd 
 1576  ls
 1577  grep -i 'sudo'
 1578  cat /proc/version
 1579  ifconfig
 1580  hostname -i
 1581  cd 
 1582  cd Linux_training/Work1/
 1583  ls
 1584  ./stripped_hello
 1585  mkdir stripped_unstripped
 1586  cd stripped_unstripped/
 1587  ls
 1588  vi hello.c
 1589  gcc -o unstripped_exec_file hello.c 
 1590  nm unstripped_exec_file 
 1591  strip hello.c 
 1592  gcc -c unstripped_exec_file hello.c 
 1593  la
 1594  gcc -c stripped_exec_file hello.c 
 1595  gcc -o stripped_exec_file hello.c 
 1596  strip stripped_exec_file 
 1597  nm stripped_exec_file 
 1598  cd ..
 1599  cd ../Wor2
 1600  cd ../Work2/
 1601  ls
 1602  bash disk_utilization.sh 
 1603  ls -l
 1604  chmod o+x **
 1605  ls
 1606  ls-l
 1607  ls -l
 1608  chmod o-x **
 1609  ls -l
 1610  vi disk_utilization.sh 
 1611  cat samplefile_for_testing | cut -f16 -d " " 
 1612  vi samplefile_for_testing 
 1613  cat samplefile_for_testing | cut -f16 -d " " 
 1614  which ls 
 1615  usr/bin/ls
 1616  /usr/bin/ls
 1617  which ls 
 1618  /usr/bin/ls
 1619  date +%T
 1620  tty
 1621  echo 'Samplel'
 1622  echo 'Sample'
 1623  cd ../Work1/
 1624  ls
 1625  grep -r 'Hello' .
 1626  grep -r 'Hello' /home/akshay/Linux_training/Work1/
 1627  exit
 1628  vi user_management.c 
 1629  ls -l
 1630  rm functions.h.gch 
 1631  ls -l
 1632  exit
 1633  sudo su
 1634  sudo init 5 
 1635  man init
 1636  echo $SHELL
 1637  cat ls
 1638  ls
 1639  cat installjps.sh 
 1640  which cat
 1641  whatis cat
 1642  info --cat
 1643  info -cat
 1644  cat --info
 1645  cat -info
 1646  ls 
 1647  ll
 1648  alis ll
 1649  alis 'll'
 1650  alias 'll'
 1651  ls -l *cu*
 1652  ls -l 
 1653  ls -l *_p*
 1654  ls -l *esk*
 1655  ls -l **
 1656  list 
 1657  alias list=ls -l **
 1658  alias list='ls -l **'
 1659  list
 1660  export $alias
 1661  export $ALIOAS
 1662  export $ALIAS
 1663  username
 1664  echo $username
 1665  echo $USERNAME
 1666  vi .bashrc 
 1667  echo $owner
 1668  vi .bashrc 
 1669  info cat
 1670  whatis cat
 1671  which cat
 1672  which ls
 1673  whereis ls
 1674  list
 1675  echo $listr
 1676  echo $list
 1677  list=`ls -l **`
 1678  echo $list
 1679  2unalias list
 1680  unalias list
 1681  list
 1682  $uname -r
 1683  uname -r
 1684  cat /etc/*release
 1685  ls /cat/
 1686  ls /etc
 1687  grep -i 'DISTRIB_ID=Ubuntu'
 1688  grep -i 'DISTRIB_ID=Ubuntu' /etc
 1689  grep -i 'DISTRIB_ID=Ubuntu' 
 1690  pwd
 1691  cd /etc
 1692  grep -i 'DISTRIB_ID=Ubuntu' 
 1693  exit
 1694  mkdir redirection
 1695  cd redirection/
 1696  ls
 1697  echo 'Hi Akshaya Baalaji' > file1
 1698  ls asdfd 2> success 1>failure
 1699  cat failure 
 1700  cat success 
 1701  ls asdfd > success 2>failure
 1702  cat failure 
 1703  cat success 
 1704  ls asdf
 1705  ls asdf > success_failure  2>&
 1706  ls asdf > success_failure  2>&1
 1707  cat success_failure 
 1708  more ls
 1709  more man
 1710  cd ..
 1711  mv sample_repeat sort_practice
 1712  sort -n sort_practice 
 1713  sort -r sort_practice 
 1714  sort sort_practice 
 1715  vi sort_practice 
 1716  vi sample
 1717  cat sample | tr [a-z][A-Z]
 1718  cat sample | tr [a-z] [A-Z]
 1719  cd redirection/
 1720  ls
 1721  cd | ls -l ** | tee list_files_tee_cmd
 1722  pw
 1723  pwd
 1724  cat list_files_tee_cmd 
 1725  wq
 1726  cd ..
 1727  cd compression_understanding/
 1728  ls
 1729  tar cvf  Bigfile.txt 
 1730  tar cvfj Tar_Bigfile.txt  Bigfile.txt 
 1731  untar Tar_Bigfile.txt 
 1732  tar xvf Tar_Bigfile.txt
 1733  ls -l
 1734  tar cvj Tar_Bigfile.txt
 1735  vi Bigfile1.txt 
 1736  cd / 
 1737  cd /
 1738  ls
 1739  ls -l
 1740  \cd /etc/
 1741  ls
 1742  ls -l
 1743  cd /proc
 1744  ls -l
 1745  cd 
 1746  cd Linux_training/project1/
 1747  ls
 1748  gcc main_program.c staticlib_book.a -L. -ldynamiclib_user
 1749  ./a.out 
 1750  pwd
 1751  gcc main_program.c staticlib_book.a -L. -ldynamiclib_user
 1752  ./a.out 
 1753  history
 1754  echo $PATH
 1755  ls -l
 1756  vi user_management.c 
 1757  gcc main_program.c staticlib_book.a -L. -ldynamiclib_user
 1758  ./a.out 
 1759  exit
 1760  vi book_management.c 
 1761  exit
 1762  vi functions.h
 1763  exit
 1764  vi user_management.c 
 1765  exit
 1766  LD_LIBRARY_PATH=$LD_LIBRARY_PATH:/home/akshay/Linux_training/project1
 1767  vi lib_library_path
 1768  mv lib_library_path lib_library_path.sh
 1769  vi lib_library_path.sh_
 1770  LIB_LIBRARY_PATH=$LIB_LIBRARY_PATH:/home/akshay/Linux_training/project1
 1771  export LIB_LIBRARY_PATH
 1772  gcc main_program.c staticlib_book.a -L. -ldynamiclib_user
 1773  ./a.out 
 1774  LD_LIBRARY_PATH=$LD_LIBRARY_PATH:/home/akshay/Linux_training/project1
 1775  export LD_LIBRARY_PATH
 1776  gcc main_program.c staticlib_book.a -L. -ldynamiclib_user
 1777  ./a.out 
 1778  gcc main_program.c staticlib_book.a -L. -ldynamiclib_user
 1779  ./a.out 
 1780  vi book_management.c 
 1781  gcc main_program.c staticlib_book.a -L. -ldynamiclib_user
 1782  ./a.out 
 1783  echo $LIB_LIBRARY_PATH
 1784  gcc main_program.c staticlib_book.a -L. -ldynamiclib_user
 1785  ./a.out 
 1786  gcc main_program.c staticlib_book.a -L. -ldynamiclib_user
 1787  ./a.out 
 1788  gcc main_program.c staticlib_book.a -L. -ldynamiclib_user
 1789  ./a.out 
 1790  gcc main_program.c staticlib_book.a -L. -ldynamiclib_user
 1791  ./a.out 
 1792  ls 
 1793  vi main_program.c 
 1794  ls -l 
 1795  vi functions.h 
 1796  ls -l 
 1797  rm lib_library_path.sh_ 
 1798  ls -l | grep '.0'
 1799  ls -l | grep '.o'
 1800  exit
 1801  vi main_program.c 
 1802  ls -l 
 1803  exit
 1804  cd Linux_training/
 1805  /proc
 1806  cd /proc
 1807  ls -l
 1808  cf
 1809  cd
 1810  ls 
 1811  jobs
 1812  sleep 1300 &
 1813  jobs
 1814  fg 2
 1815  jobs
 1816  bg 1
 1817  fg 1
 1818  jobs
 1819  jps 
 1820  ps 
 1821  kill -9 24951
 1822  jobs
 1823  kill %3
 1824  jobs
 1825  pkill sleep
 1826  sleep 1300 &
 1827  jobs
 1828  pkill sleep
 1829  htop
 1830  top
 1831  cd Linux_training/
 1832  ls
 1833  cd Logs/
 1834  histiory > 04_03_2024.log
 1835  history > 04_03_2024.log
