 1005  cd Worl1
 1006  cd Work1
 1007  ls
 1008  ls -lt
 1009  grep -arl "fruit" 
 1010  grep "fruit"  
 1011  grep "fruit"  vipractice_searchprac 
 1012  grep "fruit"  vipractice_grep_prac 
 1013  grep  -rl "fruit" 
 1014  ls
 1015  grep "Fruit"  vipractice_grep_prac 
 1016  grep -rl "Fruit"  vipractice_grep_prac 
 1017  grep -rl "Fruit"  
 1018  grep -rl "Apple"  
 1019  grep -rl "Love"  
 1020  rm .Love_prob.swp 
 1021  grep '^[AT]' vipractice_grep_prac 
 1022  grep '^[^AT]' vipractice_grep_prac 
 1023  grep -l "Apple"  
 1024  grep -i "apple"  
 1025  grep -i "apple"  vipractice_grep_prac 
 1026  grep -i "banana"  vipractice_grep_prac 
 1027  grep -l "banana"  vipractice_grep_prac vi 
 1028  vi banana
 1029  grep -l "banana"  vipractice_grep_prac 
 1030  rm banana 
 1031  vi vipractice_grep_prac 
 1032  exit
 1033  cd /
 1034  ls 
 1035  ls s*
 1036  grep -rl "a"
 1037  grep -rl "aa"
 1038  grep -rl "akshay"
 1039  exit
 1040  cd
 1041  cd C_programming/Ctraining/
 1042  ls
 1043  ls | grep "fibo"
 1044  ls | grep "fibonocci"
 1045  ls | grep -o "fibonocci"
 1046  ls | grep -rl "fibonocci"
 1047  ls | grep -rl "fibo"
 1048  ls | grep -rl "fib"
 1049  cat fibo.c 
 1050  :wq
 1051  grep -rl "fib" ls
 1052  grep -rl "fib" ~/C_programming/Ctraining/
 1053  grep -rl "fib" 
 1054  grep -arl "fib" 
 1055  cat fibo
 1056  cat fibo.c 
 1057  :Wq
 1058  ls
 1059  grep -arl "str" 
 1060  exit
 1061  tty
 1062  jps
 1063  ps
 1064  tty
 1065  top
 1066  ps -ef
 1067  kill -9 2423 
 1068  kill -9 2429
 1069  kill -9 2415 
 1070  ps -ef
 1071  kill -9 2432
 1072  exit
 1073  ls
 1074  exit
 1075  ls
 1076  cd Linux_training/Work2/
 1077  vi disk_utilization.sh 
 1078  bash disk_utilization.sh 
 1079  sudo user akshay
 1080  top 
 1081  cd /
 1082  ls
 1083  cd boot/
 1084  ls
 1085  cd ..
 1086  cd /cdrom/
 1087  ls
 1088  cd ..
 1089  cd dev/
 1090  ls
 1091  cd /proc/
 1092  ls
 1093  ls 2332/ 
 1094  ls -l | wc -l 
 1095  exit
 1096  exi
 1097  exit
 1098  sudo init 0  
 1099  tty
 1100  cd ..
 1101  stat shortcut_working/
 1102  ls 
 1103  stat disk_utilization.sh 
 1104  exit
 1105  tty
 1106  cd Linux_training/Work1/
 1107  ls 
 1108  grep -P '\s6' vipractice_grep_prac 
 1109  vi vipractice_grep_prac 
 1110  grep -P '\s6' vipractice_grep_prac 
 1111  man grep 
 1112  sudo init 1 
 1113  ls
 1114  sudo init 2 
 1115  cd Downloads
 1116  ls 
 1117  tar -xvf 
 1118  tar -xvf  linux-6.7.make menuconfig
 1119  exit
 1120  a.out
 1121  ./a.out
 1122  ls
 1123  vi main_prog_org.c 
 1124  exit
 1125  vi main_prog_org.c
 1126  gcc main_prog_org.c 
 1127  ./a.out 
 1128  vi main_prog_org.c
 1129  gcc main_prog_org.c 
 1130  ./a.out 
 1131  vi main_prog_org.c
 1132  gcc main_prog_org.c 
 1133  ./a.out 
 1134  vi main_prog_org.c
 1135  gcc main_prog_org.c 
 1136  ./a.out 
 1137  vi main_prog_org.c
 1138  gcc main_prog_org.c 
 1139  ./a.out 
 1140  vi main_prog_org.c
 1141  gcc main_prog_org.c 
 1142  ./a.out 
 1143  vi main_prog_org.c
 1144  gcc main_prog_org.c 
 1145  ./a.out 
 1146  vi main_prog_org.c
 1147  gcc main_prog_org.c 
 1148  vi main_prog_org.c
 1149  gcc main_prog_org.c 
 1150  ./a.out 
 1151  vi main_prog_org.c
 1152  gcc main_prog_org.c 
 1153  ./a.out 
 1154  vi main_prog_org.c
 1155  gcc main_prog_org.c 
 1156  ./a.out 
 1157  exit
 1158  pwd
 1159  ./a.out 
 1160  cd dynamiclib_2/
 1161  ./a.out 
 1162  ls -l 
 1163  du -h
 1164  du -h main_prog.c 
 1165  du -h main_prog_org.c 
 1166  du -h main_prog.c man du
 1167  man du
 1168  du -b main_prog.c 
 1169  du -b main_prog_org.c 
 1170  du -b libdynamic_lib.so 
 1171  du - libdynamic_lib.so 
 1172  cd ../,..
 1173  cd ../..
 1174  ls -l
 1175  exit
 1176  ls
 1177  echo `PWD`
 1178  echo `pwd`
 1179  echo `ls`
 1180  CD Linux_training/Work1/
 1181  ls
 1182  cd Linux_training/Work1/
 1183  ls
 1184  gcc -s main_prog.c 
 1185  gcc -S main_prog.c 
 1186  ls 
 1187  file main_prog.s 
 1188  gcc -c main_prog.c 
 1189  file main_prog.o
 1190  ls 
 1191  ls main_prog.
 1192  ls main_prog*
 1193  cat main_prog.s
 1194  cat main_prog.o
 1195  ls -lF |  grep '/'
 1196  ls -lF |  grep '*/'
 1197  ls -lF |  grep '/'
 1198  cd create_lib/
 1199  ls
 1200  ls l
 1201  ls -l
 1202  man ls
 1203  man ar
 1204  nm lib.a
 1205  ls
 1206  mkdir dynamic_lib
 1207  ls
 1208  cd dynamic_lib/
 1209  vi 
 1210  vi main_prog
 1211  mv main_prog main_prog.c
 1212  vi main_prog.c 
 1213  gcc main_prog.c 
 1214  vi main_prog.c 
 1215  gcc main_prog.c 
 1216  ./a.out 
 1217  cp main_prog.c main_program.c
 1218  vi main_program.c 
 1219  gcc main_program.c add.c sub.c mul.c div.c 
 1220  ./a.out 
 1221  vi main_prog.c 
 1222  cd ..
 1223  ls
 1224  cat main_prog.scd ..
 1225  cd..
 1226  cd ..
 1227  ls
 1228  cd Logs/
 1229  history > 29_02_24.log
 1230  vi 29_02_24.log 
 1231  ls
 1232  cd ./.
 1233  cd ..
 1234  cd Work1/
 1235  cd create_lib/
 1236  ls
 1237  ar crv lib.a mul.o sub.o add.o div.o 
 1238  gcc main.c lib.a .a
 1239  gcc main.c lib.a 
 1240  ./a.out
 1241  gcc main.c lib.a
 1242  ls
 1243  gcc main.c lib.a
 1244  ar crv lib.a mul.o sub.o add.o div.o 
 1245  gcc main.c lib.a 
 1246  gcc main.c add.c sub.c  mul.c div.c
 1247  ./a.out
 1248  gcc -c add.c sub.c  mul.c div.c
 1249  ar crv lib.a mul.o sub.o add.o div.o 
 1250  gcc main.c lib.a
 1251  ./a.out 
 1252  cd dynamic_lib/
 1253  lls 
 1254  ls
 1255  gcc main_prog.c 
 1256  gcc -c add.c mul.c sub.c div.c 
 1257  gcc -fPIC -c add.c mul.c sub.c div.c 
 1258  gcc -shared dyn_lib.so add.o mul.o div.o sub.o
 1259  gcc -shared -o dyn_lib.so add.o mul.o div.o sub.o
 1260  gcc main_prog.c -L. -ltest
 1261  ls
 1262  rm dyn_lib.so 
 1263  gcc -shared -o libdynamic_prg.so add.o mul.o div.o sub.o
 1264  gcc main_prog.c -L. -ldynamic_prg
 1265  ./a.out 
 1266  echo $LD_LIBRARY_PATH
 1267  LD_LIBRARY_PATH=$LD_LIBRARY_PATH:/home/akshay/Linux_training/Work1/create_lib/dynamic_lib
 1268  echo $LD_LIBRARY_PATH
 1269  ./a.out 
 1270  export $LD_LIBRARY_PATH
 1271  export LD_LIBRARY_PATH
 1272  export $LD_LIBRARY_PATH
 1273  echo $LD_LIBRARY_PATH
 1274  LD_LIBRARY_PATH=" "
 1275  export $LD_LIBRARY_PATH
 1276  echo $LD_LIBRARY_PATH
 1277  pwd
 1278  LD_LIBRARY_PATH=$LD_LIBRARY_PATH:/home/akshay/Linux_training/Work1/create_lib/dynamic_lib
 1279  export $LD_LIBRARY_PATH
 1280  LD_LIBRARY_PATH=$LD_LIBRARY_PATH:'/home/akshay/Linux_training/Work1/create_lib/dynamic_lib'
 1281  export $LD_LIBRARY_PATH
 1282  PATH=$PATH:/home/akshay/Linux_training/Work1/create_lib/dynamic_lib
 1283  export PATH
 1284  gcc main_prog.c -L. -ldynamic_prg
 1285  a.out
 1286  pwd
 1287  export $LD_LIBRARY_PATH
 1288  echo $LD_LIBRARY_PATH
 1289  export LD_LIBRARY_PATH
 1290  echo $LD_LIBRARY_PATH
 1291  gcc main_prog.c -L. -ldynamic_prg
 1292  ./a.out 
 1293  gcc main_prog.c -L. -ldynamic_prg
 1294  ./a.out 
 1295  cd ls
 1296  which ls
 1297  cho $PATH
 1298  eho $PATH
 1299  echo $PATH
 1300  which ls
 1301  a.out
 1302  whereis $PATH
 1303  ls
 1304  mkdir dynamiclib_2
 1305  cd dynamiclib_2/
 1306  a.out 
 1307  ls 
 1308  vi main_prog.c
 1309  gcc main_prog.c 
 1310  ./a.out 
 1311  vi main_prog.c
 1312  gcc main_prog.c 
 1313  ./a.out 
 1314  vi main_prog.c
 1315  gcc main_prog.c kg.c faren.c 
 1316  vi main_prog.c
 1317  gcc main_prog.c kg.c faren.c 
 1318  ./a.out 
 1319  gcc -fPIC -c kg.c faren.c 
 1320  gcc -shared -o libdynamic_lib.so kg.o faren.o 
 1321  ./a.out 
 1322  ls -l
 1323  vi main_prog.c 
 1324  gcc main_prog.c kg.c faren.c 
 1325  ./a.out 
 1326  vi main_prog.c 
 1327  vi faren.c 
 1328  gcc -fPIC -c kg.c faren.c 
 1329  gcc -shared -o libdynamic_lib.so kg.o faren.o 
 1330  ./a.out 
 1331  vi main_prog.c 
 1332  vi main_prog_org.c 
 1333  ls -l 
 1334  echo $LIB_LIBRARY_PATH
 1335  exit
 1336  vi kg.c 
 1337  vi faren.c 
 1338  exit
 1339  vi functions.h
 1340  vi kg.c
 1341  vi faren
 1342  mv faren faren.c
 1343  vi faren
 1344  rm faren
 1345  vi faren.c 
 1346  vi kg.c
 1347  vi kg.cexit
 1348  rm kg.cexit
 1349  exit
 1350  cd  ../..
 1351  cd C_programming/
 1352  ls
 1353  cd Ctraining/
 1354  ls 
 1355  vi deepindexmethodonpointer.c 
 1356  vi pointeronarray.c 
 1357  vi voidtypecastpointer.c 
 1358  vi chararray.c 
 1359  exit
 1360  pwd
 1361  exit
 1362  cd Linux_training/
 1363  ls
 1364  cd project1/
 1365  ls
 1366  rm main_prog.c 
 1367  vi main_prog.c
 1368  rm main_prog.c 
 1369  ls
 1370  vi main_prog.c
 1371  rm main_prog.c
 1372  ls
 1373  vi prog_main.c
 1374  gcc prog_main.c 
 1375  vi prog_main.c
 1376  gcc prog_main.c 
 1377  vi prog_main.c
 1378  gcc prog_main.c 
 1379  ./a.out 
 1380  vi prog_main.c
 1381  exit
 1382  psude init 1
 1383  pseudo init 1
 1384  sudo init 1
 1385  echo $owner
 1386  exit
 1387  cd 
 1388  ls
 1389  grep -i 'sudo'
 1390  cat /proc/version
 1391  ifconfig
 1392  hostname -i
 1393  cd 
 1394  cd Linux_training/Work1/
 1395  ls
 1396  ./stripped_hello
 1397  mkdir stripped_unstripped
 1398  cd stripped_unstripped/
 1399  ls
 1400  vi hello.c
 1401  gcc -o unstripped_exec_file hello.c 
 1402  nm unstripped_exec_file 
 1403  strip hello.c 
 1404  gcc -c unstripped_exec_file hello.c 
 1405  la
 1406  gcc -c stripped_exec_file hello.c 
 1407  gcc -o stripped_exec_file hello.c 
 1408  strip stripped_exec_file 
 1409  nm stripped_exec_file 
 1410  cd ..
 1411  cd ../Wor2
 1412  cd ../Work2/
 1413  ls
 1414  bash disk_utilization.sh 
 1415  ls -l
 1416  chmod o+x **
 1417  ls
 1418  ls-l
 1419  ls -l
 1420  chmod o-x **
 1421  ls -l
 1422  vi disk_utilization.sh 
 1423  cat samplefile_for_testing | cut -f16 -d " " 
 1424  vi samplefile_for_testing 
 1425  cat samplefile_for_testing | cut -f16 -d " " 
 1426  which ls 
 1427  usr/bin/ls
 1428  /usr/bin/ls
 1429  which ls 
 1430  /usr/bin/ls
 1431  date +%T
 1432  tty
 1433  echo 'Samplel'
 1434  echo 'Sample'
 1435  cd ../Work1/
 1436  ls
 1437  grep -r 'Hello' .
 1438  grep -r 'Hello' /home/akshay/Linux_training/Work1/
 1439  exit
 1440  vi user_management.c 
 1441  ls -l
 1442  rm functions.h.gch 
 1443  ls -l
 1444  exit
 1445  sudo su
 1446  sudo init 5 
 1447  man init
 1448  echo $SHELL
 1449  cat ls
 1450  ls
 1451  cat installjps.sh 
 1452  which cat
 1453  whatis cat
 1454  info --cat
 1455  info -cat
 1456  cat --info
 1457  cat -info
 1458  ls 
 1459  ll
 1460  alis ll
 1461  alis 'll'
 1462  alias 'll'
 1463  ls -l *cu*
 1464  ls -l 
 1465  ls -l *_p*
 1466  ls -l *esk*
 1467  ls -l **
 1468  list 
 1469  alias list=ls -l **
 1470  alias list='ls -l **'
 1471  list
 1472  export $alias
 1473  export $ALIOAS
 1474  export $ALIAS
 1475  username
 1476  echo $username
 1477  echo $USERNAME
 1478  vi .bashrc 
 1479  echo $owner
 1480  vi .bashrc 
 1481  info cat
 1482  whatis cat
 1483  which cat
 1484  which ls
 1485  whereis ls
 1486  list
 1487  echo $listr
 1488  echo $list
 1489  list=`ls -l **`
 1490  echo $list
 1491  2unalias list
 1492  unalias list
 1493  list
 1494  $uname -r
 1495  uname -r
 1496  cat /etc/*release
 1497  ls /cat/
 1498  ls /etc
 1499  grep -i 'DISTRIB_ID=Ubuntu'
 1500  grep -i 'DISTRIB_ID=Ubuntu' /etc
 1501  grep -i 'DISTRIB_ID=Ubuntu' 
 1502  pwd
 1503  cd /etc
 1504  grep -i 'DISTRIB_ID=Ubuntu' 
 1505  exit
 1506  mkdir redirection
 1507  cd redirection/
 1508  ls
 1509  echo 'Hi Akshaya Baalaji' > file1
 1510  ls asdfd 2> success 1>failure
 1511  cat failure 
 1512  cat success 
 1513  ls asdfd > success 2>failure
 1514  cat failure 
 1515  cat success 
 1516  ls asdf
 1517  ls asdf > success_failure  2>&
 1518  ls asdf > success_failure  2>&1
 1519  cat success_failure 
 1520  more ls
 1521  more man
 1522  cd ..
 1523  mv sample_repeat sort_practice
 1524  sort -n sort_practice 
 1525  sort -r sort_practice 
 1526  sort sort_practice 
 1527  vi sort_practice 
 1528  vi sample
 1529  cat sample | tr [a-z][A-Z]
 1530  cat sample | tr [a-z] [A-Z]
 1531  cd redirection/
 1532  ls
 1533  cd | ls -l ** | tee list_files_tee_cmd
 1534  pw
 1535  pwd
 1536  cat list_files_tee_cmd 
 1537  wq
 1538  cd ..
 1539  cd compression_understanding/
 1540  ls
 1541  tar cvf  Bigfile.txt 
 1542  tar cvfj Tar_Bigfile.txt  Bigfile.txt 
 1543  untar Tar_Bigfile.txt 
 1544  tar xvf Tar_Bigfile.txt
 1545  ls -l
 1546  tar cvj Tar_Bigfile.txt
 1547  vi Bigfile1.txt 
 1548  cd / 
 1549  cd /
 1550  ls
 1551  ls -l
 1552  \cd /etc/
 1553  ls
 1554  ls -l
 1555  cd /proc
 1556  ls -l
 1557  cd 
 1558  cd Linux_training/project1/
 1559  ls
 1560  gcc main_program.c staticlib_book.a -L. -ldynamiclib_user
 1561  ./a.out 
 1562  pwd
 1563  gcc main_program.c staticlib_book.a -L. -ldynamiclib_user
 1564  ./a.out 
 1565  history
 1566  echo $PATH
 1567  ls -l
 1568  vi user_management.c 
 1569  gcc main_program.c staticlib_book.a -L. -ldynamiclib_user
 1570  ./a.out 
 1571  exit
 1572  vi book_management.c 
 1573  exit
 1574  vi functions.h
 1575  exit
 1576  vi user_management.c 
 1577  exit
 1578  LD_LIBRARY_PATH=$LD_LIBRARY_PATH:/home/akshay/Linux_training/project1
 1579  vi lib_library_path
 1580  mv lib_library_path lib_library_path.sh
 1581  vi lib_library_path.sh_
 1582  LIB_LIBRARY_PATH=$LIB_LIBRARY_PATH:/home/akshay/Linux_training/project1
 1583  export LIB_LIBRARY_PATH
 1584  gcc main_program.c staticlib_book.a -L. -ldynamiclib_user
 1585  ./a.out 
 1586  LD_LIBRARY_PATH=$LD_LIBRARY_PATH:/home/akshay/Linux_training/project1
 1587  export LD_LIBRARY_PATH
 1588  gcc main_program.c staticlib_book.a -L. -ldynamiclib_user
 1589  ./a.out 
 1590  gcc main_program.c staticlib_book.a -L. -ldynamiclib_user
 1591  ./a.out 
 1592  vi book_management.c 
 1593  gcc main_program.c staticlib_book.a -L. -ldynamiclib_user
 1594  ./a.out 
 1595  echo $LIB_LIBRARY_PATH
 1596  gcc main_program.c staticlib_book.a -L. -ldynamiclib_user
 1597  ./a.out 
 1598  gcc main_program.c staticlib_book.a -L. -ldynamiclib_user
 1599  ./a.out 
 1600  gcc main_program.c staticlib_book.a -L. -ldynamiclib_user
 1601  ./a.out 
 1602  gcc main_program.c staticlib_book.a -L. -ldynamiclib_user
 1603  ./a.out 
 1604  ls 
 1605  vi main_program.c 
 1606  ls -l 
 1607  vi functions.h 
 1608  ls -l 
 1609  rm lib_library_path.sh_ 
 1610  ls -l | grep '.0'
 1611  ls -l | grep '.o'
 1612  exit
 1613  vi main_program.c 
 1614  ls -l 
 1615  exit
 1616  ps
 1617  ps -ef
 1618  man ef
 1619  man ps
 1620  pstree
 1621  ps -ef
 1622  kill -9 24750
 1623  mak kill
 1624  man kill
 1625  man ps
 1626  sleep 1100 &
 1627  jps
 1628  jobs
 1629  ps -ef
 1630  kill -9 24903
 1631  ls 
 1632  cd 
 1633  ls
 1634  jps
 1635  exit
 1636  exec date
 1637  exitr
 1638  exit
 1639  sleep 5
 1640  sleep 5 echo "Hi"
 1641  sleep 5 | echo "Hi"
 1642  exit
 1643  cd Linux_training/
 1644  /proc
 1645  cd /proc
 1646  ls -l
 1647  cf
 1648  cd
 1649  ls 
 1650  jobs
 1651  sleep 1300 &
 1652  jobs
 1653  fg 2
 1654  jobs
 1655  bg 1
 1656  fg 1
 1657  jobs
 1658  jps 
 1659  ps 
 1660  kill -9 24951
 1661  jobs
 1662  kill %3
 1663  jobs
 1664  pkill sleep
 1665  sleep 1300 &
 1666  jobs
 1667  pkill sleep
 1668  htop
 1669  top
 1670  cd Linux_training/
 1671  ls
 1672  cd Logs/
 1673  histiory > 04_03_2024.log
 1674  history > 04_03_2024.log
 1675  cd ../Work1/
 1676  ls
 1677  mkdir process_management
 1678  cd process_management/
 1679  ls 
 1680  time vi time_calc
 1681  ls
 1682  vi time_calc1 | time
 1683  cd /proc/interrupts
 1684  cat  /proc/interrupts
 1685  vi  /proc/interrupts
 1686  time sleep 10
 1687  time ls
 1688  fork sleep 10
 1689  vi process_fork.c
 1690  gcc process_fork.c 
 1691  ./a.out 
 1692  gcc process_fork.c 
 1693  vi process_fork.c
 1694  vi prac_process_fork.c
 1695  gcc prac_process_fork.c 
 1696  ./a.out 
 1697  vi process_fork.c
 1698  gcc -o hello process_fork.c 
 1699  ./hello 
 1700  gcc prac_process_fork.c 
 1701  ./a.out 
 1702  vi hello.c
 1703  gcc -o hello  hello.c
 1704  gcc prac_process_fork.c 
 1705  ./a.out 
 1706  gcc prac_process_fork.c 
 1707  gcc understanding_prac.c 
 1708  ./a.out 
 1709  gcc understanding_prac.c 
 1710  ./a.out 
 1711  gcc understanding_prac.c 
 1712  ./a.out 
 1713  gcc understanding_prac.c 
 1714  vi prac_process_fork.c 
 1715  vi understanding_prac.c 
 1716  gcc understanding_prac.c 
 1717  vi understanding_prac.c 
 1718  gcc understanding_prac.c 
 1719  ./a.out 
 1720  vi understanding_prac.c 
 1721  ./a.out 
 1722  vi understanding_prac.c 
 1723  gcc understanding_prac.c 
 1724  ./a.out 
 1725  ls
 1726  vi process_fork.c 
 1727  gcc understanding_fork.c 
 1728  ./a.out 
 1729  gcc understanding_fork.c 
 1730  ./a.out 
 1731  ls 
 1732  list
 1733  vi .bashrc 
 1734  list
 1735  vi .bashrc 
 1736  exit
 1737  cd ../Work1/
 1738  ls process1_process2 
 1739  cd process1_process2 
 1740  ls -l process1_process2 
 1741  sleep 1234 &
 1742  pstree | grep slep
 1743  pstree | grep sleep
 1744  ls
 1745  exit
 1746  list
 1747  ;list
 1748  list
 1749  ls -l
 1750  cd Linux_training/
 1751  ls 
 1752  cd Work1/
 1753  mv process_management/ cd .. 
 1754  mv process_management/  .. 
 1755  ls -l 
 1756  cd ..
 1757  ls -l
 1758  cd process_management/
 1759  ls 
 1760  vi basic_process_management.c
 1761  gcc basic_process_management.c 
 1762  ./a.out 
 1763  vi for_proper_understanding.c 
 1764  gcc for_proper_understanding.c 
 1765  ./a.out 
 1766  x
 1767  gcc basic_process_management.c \
 1768  gcc basic_process_management.c
 1769  gcc basic_process_management.c 
 1770  vi basic_process_management.c 
 1771  gcc basic_process_management.c 
 1772  ./a.out 
 1773  v demon_prg.c
 1774  vi demon_prg.c
 1775  vi basic_process_management.c 
 1776  ps -e | grep a.out
 1777  gcc basic_process_management.c
 1778  ps -e | grep a.out
 1779  ./a.out 
 1780  ps -e 
 1781  ps -ef 
 1782  vi demon_prg.c 
 1783  gcc demon_prg.c 
 1784  ps -ef | grep a.out
 1785  ps -e | grep a.out
 1786  gcc demon_prg.c 
 1787  ps -e | grep a.out
 1788  ./a.out 
 1789  exit
 1790  gcc for_proper_understanding.c 
 1791  ./a.out 
 1792  vi for_proper_understanding.c 
 1793  ls -l 
 1794  vi understand_fork_clear.c 
 1795  vi vi for_proper_understanding.c 
 1796  vi for_proper_understanding.c 
 1797  vi basic_process_management.c 
 1798  mv basic_process_management.c basic_fork_understanding.c 
 1799  vi basic_fork_understanding.c 
 1800  ls -l 
 1801  vi understanding_prac.c 
 1802  mv understanding_prac.c understanding_vfork.c 
 1803  vi basic_fork_understanding.c 
 1804  gcc basic_fork_understanding.c 
 1805  ps -e | grep a.out
 1806  kill -9 3082
 1807  ps -e | grep a.out
 1808  ./a.out 
 1809  exit
 1810  ls -l 
 1811  vi basic_fork_understanding.c 
 1812  gcc basic_fork_understanding.c 
 1813  ./a.out 
 1814  ps -e | grep a.out
 1815  gcc basic_fork_understanding.c 
 1816  ./a.out 
 1817  ps -e | grep a.out
 1818  vi basic_fork_understanding.c 
 1819  mv basic_fork_understanding.c  basic_deep_fork_understanding.c 
 1820  mv basic_deep_fork_understanding.c  basic_fork_understanding.c 
 1821  cp basic_fork_understanding.c basic_deep_fork_understanding.c 
 1822  vi basic_deep_fork_understanding.c 
 1823  gcc basic_deep_fork_understanding.c 
 1824  ./a.out 
 1825  exit
 1826  gcc basic_deep_fork_understanding.c 
 1827  ./a.out 
 1828  gcc basic_deep_fork_understanding.c 
 1829  ./a.out 
 1830  gcc thread_execv_prg.c 
 1831  ./a.out 
 1832  gcc thread_execv_prg.c 
 1833  exit
 1834  ls -ln
 1835  vi understanding_vfork.c 
 1836  vi understand_fork_.c 
 1837  vi process_fork.c 
 1838  vi prac_process_fork.c 
 1839  mv prac_process_fork.c fork_execv_prac.c
 1840  vi fork_execv_prac.c 
 1841  gcc thread_execv_prg.c 
 1842  ./a.out 
 1843  vi sample_c_file.c
 1844  ./a.out 
 1845  vi fork_execv_prac.c 
 1846  gcc sample_c_file.c 
 1847  ./a.out 
 1848  vi sample_c_file.c 
 1849  gcc -o hello sample_c_file.c 
 1850  ./hello 
 1851  vi sample_c_file.c 
 1852  gcc -o hello sample_c_file.c 
 1853  gcc thread_execv_prg.c 
 1854  ./a.out 
 1855  eixt
 1856  exit
 1857  ls -l
 1858  ls -lrt
 1859  exit
 1860  ls
 1861  cd Linux_training/process_management/
 1862  ls 
 1863  cp thread_theory_prg_modify_sleep.c thread_prog_sleep.c
 1864  vi thread_prog_sleep.c 
 1865  mv thread_prog_sleep.c  thread_prog_exit.c 
 1866  gcc thread_prog_exit.c 
 1867  ./a.out 
 1868  vi thread_prog_exit.c 
 1869  cp  thread_prog_exit.c thread_execv_prg.c
 1870  vi thread_execv_prg.c 
 1871  vi wait_for_thread.c 
 1872  gcc  wait_for_thread.c 
 1873  ./a.out 
 1874  vi wait_for_thread.c 
 1875  vi deep_wait_for_thread.c
 1876  gcc deep_wait_for_thread.c 
 1877  ./a.out 
 1878  ./a.out > SUCCESS
 1879  ./a.out 2> SUCCESS
 1880  ./a.out | tee SUCCESS_new
 1881  ./a.out | tee SUCCESS_newls -l 
 1882  ls -l 
 1883  cat SUCCESS_new | head
 1884  cat SUCCESS_new
 1885  rm SUCCESS_new 
 1886  ./a.out 1>new_success
 1887  vi deep_wait_for_thread.c
 1888  exit
 1889  gcc pthread_understanding.c 
 1890  ./a.out 
 1891  gcc pthread_understanding.c 
 1892  ./a.out 
 1893  gcc pthread_understanding.c 
 1894  ./a.out 
 1895  gcc pthread_understanding.c 
 1896  ./a.out 
 1897  gcc pthread_understanding.c 
 1898  ./a.out 
 1899  gcc pthread_understanding.c 
 1900  ./a.out 
 1901  gcc pthread_understanding.c 
 1902  ./a.out 
 1903  gcc pthread_understanding.c 
 1904  ./a.out 
 1905  gcc pthread_understanding.c 
 1906  ./a.out 
 1907  kill -L
 1908  kill -l
 1909  gcc signal_prg.c 
 1910  ./a.out 
 1911  kill -L
 1912  gcc signal_prg.c 
 1913  kill -L
 1914  gcc signal_prg.c 
 1915  ./a.out 
 1916  vi pthread_understanding.c
 1917  kill -l 
 1918  mak kill
 1919  man kill
 1920  vi signal_prg.c
 1921  vi simple_signal_prg.c
 1922  ps -ef
 1923  kill -9 3450
 1924  ps -ef
 1925  ps -ef | grep a.out 
 1926  kill -9 3459
 1927  kill -L
 1928  vi simple_signal_prg.c
 1929  vi signal_prg.c
 1930  ps -ef | grep a.out 
 1931  kill -9 3476
 1932  ps -ef | grep a.out 
 1933  kill -9 3488
 1934  jobs
 1935  job
 1936  jobs
 1937  kill -9 3490
 1938  vi signal_prg.c
 1939  yes "Print infinite times"
 1940  ps -e | grep yes
 1941  kill -20 3556
 1942  kill -18 3556
 1943  kill -20 3556
 1944  kill -l
 1945  kill -SIGINT 3556
 1946  kill -9 3556
 1947  kill -18 3556
 1948  ps -e | grep yes
 1949  kill -20 3565
 1950  kill -18 3565
 1951  kill -2 3565
 1952  kill -20 3565
 1953  exit
 1954  tty
 1955  gcc signal_prg.c 
 1956  ./a.out 
 1957  gcc signal_prg.c 
 1958  ./a.out 
 1959  gcc signal_prg.c 
 1960  ./a.out 
 1961  kill -l
 1962  ps -ef | grep yes 
 1963  ps -e | grep yes 
 1964  3518kill -9 3518
 1965  kill -9 3518
 1966  kill -l 
 1967  kill -l  | grep SIGTERM
 1968  kill -l  | grep TERM
 1969  kill -l  | grep 20
 1970  yes "INfinity"
 1971  exit
 1972  cd Linux_training/process_management/
 1973  ls
 1974  vi demon_prg.c 
 1975  ps -ef | head -2 
 1976  ps -e | head -2 
 1977  vi thread_execv_prg.c 
 1978  :wq
 1979  vi thread_theory_prg_modify_maintermination.c 
 1980  vi wait_for_thread.c 
 1981  gcc alarm_clock_func.c 
 1982  ./a.out 
 1983  gcc simple_thread_prg.c 
 1984  ./a.out 
 1985  gcc simple_thread_prg.c 
 1986  ./a.out 
 1987  gcc simple_thread_prg.c 
 1988  ./a.out 
 1989  vi sigfpe_kill.c
 1990  gcc sigfpe_kill.c 
 1991  ./a.out 
 1992  vi prac_alarm_clock_func.c 
 1993  vi kill_sucide_prg.c
 1994  gcc kill_sucide_prg.c
 1995  ./a.out 
 1996  cp kill_sucide_prg.c kill_sucide_proper_understanding.c
 1997  vi kill_sucide_proper_understanding.c 
 1998  cd -
 1999  cd ..
 2000  ls 
 2001  cd l
 2002  cd Logs/
 2003  ls
 2004  history > 06_03_2$.log
