  362  rm commandlinearg.c 
  363  vi strchrfunc.c 
  364  vi pointeronarray.c
  365  sudo testdisk /dev/sdX
  366  cd ~/.local/share/Trash/
  367  ls
  368  cd files/
  369  ls
  370  :wq
  371  ls -lt
  372  cd..
  373  cd ..
  374  ls
  375  cd info/
  376  ls
  377  cd ..
  378  cd..
  379  cd ..
  380  ls
  381  gcc unionprac.c 
  382  ./a.out 
  383  vi callocbooktickets.c 
  384  exit
  385  vi moderatemalloc.c 
  386  vi deepindexmethodonpointer.c 
  387  vi arrayofpointer.c 
  388  vi arrayofpointer1.c 
  389  vi pointeronarray.c 
  390  vi deepindexmethodonpointer.c 
  391  vi callocbooktickets.c 
  392  ls int*.c
  393  ls array.c
  394  ls array*.c
  395  vi pointer*.c
  396  ls pointer*.c
  397  vi moderatecalloc.c 
  398  vi commandlineargssortprint.c
  399  cd Desktop/Ctraining/
  400  ls mallo*
  401  ls dyna*
  402  ls dyna*.c
  403  ls -lt
  404  vi *.c
  405  grep -rl "bubble" ~/Desktop/Ctraining/*
  406  cp /home/akshay/Desktop/Ctraining/moderatecalloc.c bubblesort.c
  407  vi arrayofpointer.c 
  408  vi arrayofpointer1.c 
  409  vi arrayscope.c 
  410  vi array.c 
  411  vi pointertraining.c 
  412  vi pointeronarray.c 
  413  vi char*.c
  414  ls char*.c
  415  ls dyna*.c
  416  ls d*.c
  417  vi deepregister.c 
  418  vi deepindexmethodonpointer.c.c 
  419  rm deepindexmethodonpointer.c.c 
  420  vi deepindexmethodonpointer.c
  421  gcc commandlineargssortprint.c 
  422  ./a.out "3" "3"
  423  ./a.out "3" "2"
  424  gcc commandlineargssortprint.c 
  425  ./a.out "3" "2"
  426  gcc commandlineargssortprint.c 
  427  ./a.out "3" "2"
  428  gcc commandlineargssortprint.c 
  429  ./a.out "3" "2"
  430  gcc commandlineargssortprint.c 
  431  ./a.out "3" "2"
  432  ls
  433  cp .c /home/akshay/Desktop/exercise
  434  cp *.c /home/akshay/Desktop/exercise
  435  ls
  436  mv *.c /home/akshay/Desktop/Ctraining/
  437  ls
  438  rm -r Ctraining/
  439  rm -r project/
  440  ls
  441  cp ~/Desktop/Ctraining/ ~/Downloads/
  442  cp -r  ~/Desktop/Ctraining/ ~/Downloads/
  443  cp -r  ~/Desktop/project/ ~/Downloads/
  444  ls
  445  exit
  446  cd ~/Desktop/Ctraining/
  447  ls
  448  cd ..
  449  mkdir exercise
  450  ls
  451  cd exercise/
  452  pwd
  453  ls
  454  cd ..
  455  exit
  456  cd Desktop/Ctraining/
  457  ls
  458  vi arrayinsertdelete.c 
  459  cp  arrayinsertdelete.c arrayinsertdeleteatanypos.c 
  460  vi arrayinsertdeleteatanypos.c 
  461  vi linkedlistinsertatmiddlebyfunction.c
  462  vi linkedlistdeleteatmiddlebyfunction.c
  463  exit
  464  gcc arrayinsertdelete.c 
  465  ./a.out 
  466  gcc arrayinsertdelete.c 
  467  ./a.out 
  468  gcc arrayinsertdeleteatanypos.c 
  469  ./a.out 
  470  gcc arrayinsertdeleteatanypos.c 
  471  ./a.out 
  472  gcc arrayinsertdeleteatanypos.c 
  473  ./a.out 
  474  gcc arrayinsertdeleteatanypos.c 
  475  ./a.out 
  476  gcc arrayinsertdeleteatanypos.c 
  477  ./a.out 
  478  gcc arrayinsertdeleteatanypos.c 
  479  ./a.out 
  480  gcc arrayinsertdeleteatanypos.c 
  481  ./a.out 
  482  gcc arrayinsertdeleteatanypos.c 
  483  ./a.out 
  484  gcc arrayinsertdeleteatanypos.c 
  485  ./a.out 
  486  gcc arrayinsertdeleteatanypos.c 
  487  ./a.out 
  488  gcc arrayinsertdeleteatanypos.c 
  489  ./a.out 
  490  gcc arrayinsertdeleteatanypos.c 
  491  ./a.out 
  492  4
  493  ./a.out 
  494  gcc arrayinsertdeleteatanypos.c 
  495  ./a.out 
  496  gcc arrayinsertdeleteatanypos.c 
  497  ./a.out 
  498  gcc arrayinsertdeleteatanypos.c 
  499  ./a.out 
  500  gcc arrayinsertdeleteatanypos.c 
  501  ./a.out 
  502  gcc linkedlistinsertatmiddlebyfunction.c 
  503  ./a.out 
  504  :Wq
  505  gcc linkedlistinsertatmiddlebyfunction.c 
  506  gcc linkedlistinsertatdeletebyfunction.c 
  507  gcc linkedlistdeleteatmiddlebyfunction.c 
  508  ./a.out 
  509  exit
  510  cd Desktop/Ctraining/
  511  ls
  512  vi structstackpush.c 
  513  gcc structstackswitchcase.c 
  514  ./a.out 
  515  mv structstackswitchcase.c structstackinsertpopprint.c 
  516  vi structstackinsertpopprint.c 
  517  gcc structqueueswitchcase.c 
  518  ./a.out 
  519  vi structqueueswitchcase.c 
  520  rm structqueueswitchcase.c 
  521  vi structqueueswitchcaseinsertdeleteprint.c 
  522  gcc structqueueswitchcaseinsertdeleteprint.c 
  523  ./a.out
  524  exit
  525  vi structstackswitchcase.c
  526  vi structqueueswitchcase.c
  527  vi structqueueswitchcaseinsertdeleteprint.c 
  528  ls
  529  cd datastructures/
  530  ls
  531  vi stackpractice.c 
  532  vi arraypractice.c 
  533  vi queuepractice.c
  534  vi linkedlistbasic.c 
  535  gcc structqueueswitchcaseinsertdeleteprint.c 
  536  ./a.out
  537  gcc labprg.c 
  538  ./a.out
  539  gcc labprg.c 
  540  ./a.out
  541  gcc labprg.c 
  542  ./a.out
  543  gcc labprg.c 
  544  ./a.out
  545  gcc labprg.c 
  546  ./a.out
  547  gcc labprg.c 
  548  ./a.out
  549  gcc labprg.c 
  550  ./a.out
  551  gcc labprg.c 
  552  ./a.out
  553  gcc labprg.c 
  554  ./a.out
  555  gcc labprg.c 
  556  ./a.out
  557  gcc labprg.c 
  558  ./a.out
  559  gcc labprg.c 
  560  ./a.out
  561  gcc labprg.c 
  562  ./a.out
  563  gcc labprg.c 
  564  ./a.out
  565  gcc labprg.c 
  566  ./a.out
  567  gcc labprg.c 
  568  ./a.out
  569  gcc labprg.c 
  570  ./a.out
  571  gcc labprg.c 
  572  ./a.out
  573  gcc labprg.c 
  574  ./a.out
  575  gcc labprg.c 
  576  ./a.out
  577  gcc labprg.c 
  578  ./a.out
  579  gcc labprg.c 
  580  ./a.out 
  581  gcc labprg.c 
  582  ./a.out 
  583  gcc labprg.c 
  584  ./a.out 
  585  gcc labprg.c 
  586  ./a.out 
  587  gcc labprg.c 
  588  ./a.out 
  589  gcc labprg.c 
  590  ./a.out 
  591  gcc labprg.c 
  592  ./a.out 
  593  gcc labprg.c 
  594  ./a.out 
  595  gcc labprg.c 
  596  ./a.out 
  597  gcc labprg.c 
  598  ./a.out 
  599  gcc labprg.c 
  600  ./a.out 
  601  gcc labprg.c 
  602  ./a.out 
  603  exit
  604  gcc labprg.c 
  605  exit
  606  vi header.h
  607  vi main.c
  608  vi functions.c
  609  gcc main.c  functions.c 
  610  vi functions.c
  611  gcc main.c  functions.c 
  612  ./a.out 
  613  cd Desktop/Ctraining/labexam/
  614  ls
  615  vi labprg.c 
  616  gcc labprg.c 
  617  ./a.out 
  618  vi labprg.c 
  619  exit
  620  cd ..
  621  cd Desktop/
  622  ls
  623  cp -r Ctraining/ ~/C_programming/
  624  cp -r exercise/ ~/C_programming/
  625  cp -r project/ ~/C_programming/
  626  ls
  627  cp -r Ctraining/ ~/C_programming/
  628  cp -r exercise/ ~/C_programming/
  629  cp -r project/ ~/C_programming/
  630  rm -r Ctraining/
  631  rm -r exercise/
  632  rm -r project/
  633  ls
  634  cd ..
  635  pwd
  636  ls
  637  cd C_programming/
  638  ls
  639  cd ..
  640  rm -r C_programming/
  641  ls
  642  mkdir C_programming
  643  ls
  644  cd C_programming/
  645  ls
  646  cd ..
  647  ls
  648  ls
  649  mv 5~Downloads/ Downloads
  650  cd Downloads/
  651  ls
  652  rm -r 5~Downloads/
  653  ls
  654  rm -r Ctraining/
  655  rm -r project/
  656  ls
  657  cp ~/C_programming ~/Downloads/ 
  658  cp -r ~/C_programming ~/Downloads/ 
  659  ls
  660  cd C_programming/
  661  ls
  662  cd..
  663  cd ..
  664  ls
  665  cd ..
  666  list
  667  ls -;
  668  ls -l
  669  list
  670  cd Linux_training/
  671  list
  672  cd ..
  673  list
  674  cd Linux_training/
  675  ls
  676  mkdir Work1
  677  mkdir Work2
  678  mv hello.h / Work
  679  mv hello.h /Work
  680  mv hello.h ~/Linux_training/Work1
  681  cd Work1
  682  ls
  683  ln -s hello.h ~/Linux_training//Work2/shortcut.h
  684  ls
  685  vi hello.h 
  686  ls
  687  mv hello.h hello.sh
  688  ls
  689  echo "This is the log created by echo " >>hello.sh 
  690  cat hello.sh 
  691  df -h
  692  history
  693  exit
  694  cd ..
  695  ls 
  696  cd Work2
  697  ls
  698  vi shortcut.h 
  699  exit
  700  whoami
  701  man ll
  702  ll
  703  ls
  704  ll
  705  ls -lF
  706  alias list="ls-l"
  707  alias list='ls-l'
  708  lis
  709  alias list='ls -l'
  710  list
  711  touch abc
  712  touch bcd
  713  list
  714  alias
  715  list
  716  uname -r
  717  ls
  718  ls -l
  719  ls -la
  720  ls -lat
  721  ls -latr
  722  uname -a
  723  cat /etc/*release
  724  ls
  725  rm abc 
  726  rm bcd 
  727  ls
  728  list
  729  unalias list
  730  list
  731  exit
  732  mkdir Linux_training
  733  ls
  734  cd Linux_training/
  735  man ls
  736  man gcc
  737  qq
  738  man gcc
  739  cp --help
  740  info cp
  741  whatis cp
  742  which cp
  743  whoami
  744  sudo su
  745  sudo poweroff
  746  sudo shutdown
  747  sudo poweroff
  748  hostname -i
  749  hostname -I
  750  hostname -i
  751  ipconfig
  752  ipconfig 
  753  ifconfig
  754  sudo apt install net-tools
  755  ifconfig
  756  sudo apt update
  757  cd Linux_training/
  758  vi commands.sh
  759  bash commands.sh 
  760  exit
  761  pwd
  762  ls
  763  cd windows/
  764  sudo su
  765  sudo cd windows/
  766  cd windows/
  767  sudo poweroff
  768  hello
  769  exit
  770  echo $PATH
  771  a=5
  772  echo $a
  773  c=$a+6
  774  echo $c
  775  which cp
  776  ls -l
  777  head
  778  hello
  779  man bash
  780  ls 
  781  hello
  782  echo $PATH
  783  PATH=$PATH:/home/akshay/Linux_training/Work1/hello
  784  export $PATH
  785  export PATH
  786  hello
  787  echo $PATH
  788  which hello
  789  PATH=$PATH:/home/akshay/Linux_training/Work1/
  790  export PATH
  791  hello
  792  ghello1
  793  hello1
  794  exit
  795  ls
  796  cd Linux_training/
  797  ls
  798  cd Work1
  799  ls
  800  vi hello.c
  801  gcc hello.c 
  802  gcc hello -o hello.c 
  803  gcc -o hello hello.c 
  804  gcc -o hello.c hello
  805  gcc -o hello hello.c
  806  ls
  807  vi hello.c
  808   
  809  mv hello.sh sample
  810  ls
  811  rm a.out 
  812  vi helloworld.c
  813  ls
  814  gcc -o hello helloworld.c
  815  ./hello
  816  hello
  817  echo $PATH
  818  PATH=$PATH:/home/akshay/Linux_training/Work1
  819  export PATH
  820  hello
  821  which hello
  822  nn hello
  823  nm hello
  824  strip hello
  825  ls
  826  vi helloworld.c 
  827  ls -ls
  828  ls -l
  829  strip hello
  830  ls
  831  strip hello
  832  ls
  833  cat hello
  834  cp hello stripped_hello
  835  strip stripped_hello 
  836  ls
  837  cat stripped_hello 
  838  ls -l
  839  file stripped_hello 
  840  file hello
  841  rm hello
  842  ls
  843  gcc -o hello helloworld.c 
  844  ls
  845  rm stripped_hello 
  846  la
  847  ls
  848  cp hello stripped_hello
  849  strip stripped_hello 
  850  ls
  851  ls -l
  852  cat hello
  853  cat stripped_hello 
  854  cp helloworld.c helloworld1.c 
  855  ls
  856  vi helloworld1.c
  857  gcc -o hello1 helloworld1.c
  858  ./hello1
  859  cp hello1 stripped_hello1
  860  strip stripped_hello1 
  861  ls -l
  862  man nm
  863  echo $PATH
  864  which hello1
  865  PATH=$PATH:/home/akshay/Linux_training/Work1/hello1
  866  echo $PATH
  867  hello1
  868  sudo apt install gcc-aarch64-linux-gnu
  869  $ aarch64-linux-gnu-gcc -o hello_arm helloworld.c
  870  aarch64-linux-gnu-gcc -o hello_arm helloworld.c
  871  ls
  872  file hello_arm
  873  echo $PATH
  874  a
  875  echo $a
  876  echo $g
  877  ls 
  878  ls -l
  879  which hello
  880  which cp
  881  which helloworld1.c
  882  hello
  883  man hello
  884  man man 
  885  ls hello
  886  pwd
  887  exit
  888  which hello1
  889  hello1
  890  hello
  891  $PATH
  892  echo $PATH
  893  which hello1
  894  whereis hello1
  895  which hello1
  896  whatis hello1
  897  which hello1
  898  which hello
  899  which hello1
  900  ls hello1
  901  which hello
  902  which hello1
  903  lshello1
  904  ls hello1
  905  ls hello
  906  which hello
  907  ls
  908  cd 
  909  echo $PATH
  910  PATH=" "
  911  ls
  912  PATH=$PATH:/usr/local/sbin:/usr/local/bin:/usr/sbin:/usr/bin:/sbin:/bin:/usr/games:/usr/local/games:/snap/bin:/snap/bin
  913  export $PATH
  914  ls
  915  exit
  916  ls
  917  which cat 
  918  which ls
  919  which cp
  920  which cl
  921  which touch
  922  ls
  923  list
  924  alias list='ls'
  925  list
  926  whereis sp
  927  whereis cp
  928  unalias list
  929  list
  930  cd Linux_training/
  931  cd Work1/
  932  ls
  933  nm helloworld1.c 
  934  nm stripped_hello
  935  nm  hello1
  936  nm stripped_hello
  937  hello
  938  name=Akshaya Baalaji 
  939  name=AkshayaBaalaji 
  940  echo $name
  941  a=5
  942  b=5
  943  c=$a+$b
  944  echo $c
  945  echo "Today is date "
  946  echo "Today is 'date' "
  947  echo "Today is `date` "
  948  echo $date
  949  echo date
  950  echo $date
  951  date
  952  month
  953  year
  954  date
  955  man date
  956  time
  957  man time
  958  :w
  959  ls
  960  vi shellscript.sh
  961  bash shellscript.sh 
  962  vi shellscript.sh
  963  cat shellscript.sh 
  964  bash shellscript.sh 
  965  date
  966  ./shellscript.ch
  967  ls -l
  968  rm a.sh 
  969  chmod u+x shellscript.sh 
  970  ls
  971  ls -l
  972  ./shellscript.sh 
  973  bash shellscript.sh 
  974  man bash
  975  info bashj
  976  info bash
  977  whatis cat
  978  \shellscript.sh 
  979  shellscript.sh 
  980  pwd
  981  PATH=$PATH:/home/akshay/Linux_training/Work1
  982  export $PATH
  983  PATH=$PATH:/home/akshay/Linux_training/Work1/
  984  export PATH
  985  shellscript.sh 
  986  echo PATH
  987  echo $PATH
  988  $c
  989  c
  990  echo $c
  991  c ='HEllo'
  992  c='HEllo'
  993  export c
  994  echo $c
  995  alias cd
  996  alias list
  997  alias list='ls'
  998  list
  999  alias cd
 1000  echo $PATH
 1001  cd /bin
 1002  ls -l
 1003  ls -l | head -10
 1004  echo $PATH
 1005  ls -l | head -2 
 1006  PATH=""
 1007  echo $PATH
 1008  ls 
 1009  echo $PATH
 1010  exit
 1011  date 
 1012  echo $PATH
 1013  cd ..
 1014  cd ../..
 1015  ls 
 1016  cd akshay/
 1017  ls
 1018  ls -a
 1019  ls -.bash
 1020  ls .bash
 1021  ls 
 1022  ls -a
 1023  cat .bashrc 
 1024  :Wq
 1025  :wq
 1026  exit
 1027  cd /bin
 1028  ls
 1029  echo $PATH
 1030  PATH=""
 1031  ls
 1032  cd ~
 1033  cd Linux_training/
 1034  cd Work1/
 1035  ls
 1036  exit
 1037  echo $PATH
 1038  PATH=""
 1039  ls
 1040  rm
 1041  ls
 1042  PATH=/usr/local/sbin:/usr/local/bin:/usr/sbin:/usr/bin:/sbin:/bin:/usr/games:/usr/local/games:/snap/bin:/snap/bin
 1043  ls
 1044  mv shellscript.sh ~/Linux_training/Work2/
 1045  ls
 1046  exit 
 1047  ls
 1048  cd .. 
 1049  cd Work2
 1050  ls
 1051  LOGNMAE
 1052  $LOGNMAE
 1053  echo $LOGNAME
 1054  ls
 1055  vi hello.h 
 1056  vi shortcut.h 
 1057  vi hello.h 
 1058  vi shortcut.h 
 1059  vi hello.h 
 1060  ls
 1061  mkdir shortcut working 
 1062  ls
 1063  mkdir shortcut_working 
 1064  rm shortcut
 1065  rm shortcut/
 1066  rm -r shortcut/
 1067  rm -r ls
 1068  ls
 1069  rm -r working/
 1070  ls
 1071  mv hello.h shortcut_working/
 1072  mv shortcut.h shortcut_working/
 1073  ls
 1074  vi shellscript.sh 
 1075  vi practicescripting.sh 
 1076  ./practicescripting.sh 
 1077  bash practicescripting.sh 
 1078  cat practiceshell.sh 
 1079  cat practicescripting.sh 
 1080  bash practicescripting.sh 
 1081  ls
 1082  ls | wc
 1083  wc  practicescripting.sh 
 1084  man wc
 1085  cd / 
 1086  ls
 1087  cd / bin
 1088  cd /bin
 1089  ls
 1090  cat env
 1091  cat xgc
 1092  cat
 1093  cat cat
 1094  cat 
 1095  cat cat
 1096  ls
 1097  cd /home
 1098  ls
 1099  sudo rm -r sample 
 1100  ls
 1101  tcd akshay/
 1102  \cd akshay/
 1103  exit
 1104  echo $name
 1105  name="Baalaji"
 1106  echo $name
 1107  exit
 1108  echo $name
 1109  ls -l /bin
 1110  /bin ll
 1111  /bin ls
 1112  lin /bin 
 1113  ls /bin 
 1114  ls /bin | more
 1115  ls /bin | less
 1116  ls
 1117  file commands.sh 
 1118  exit
 1119  name 
 1120  echo $name 
 1121  exit
 1122  tty]
 1123  tty
 1124  exit
 1125  cat /proc/cmdline
 1126  ls
 1127  man explain
 1128  man random
 1129  cd /etc
 1130  ls rc*
 1131  pstree
 1132  jps
 1133  cd ~
 1134  ls
 1135  vi installjps.sh
 1136  bash installjps.sh
 1137  exit
 1138  ls
 1139  cat installjps.sh 
 1140  cat commands.sh 
 1141  ls
 1142  ls -l
 1143  cd Linux_training/Work1/
 1144  cd Linux_training/Work1/ls
 1145  ls
 1146  rm tr
 1147  rm filename 
 1148  ls
 1149  ls -lt
 1150  vi sample_repeat 
 1151  :wq
 1152  cd ..
 1153  ls
 1154  cd Logs/
 1155  ls
 1156  cd ..
 1157  ls
 1158  cd Work2/
 1159  ls
 1160  cd ..
 1161  cd Work1/
 1162  ls
 1163  ls -t
 1164  ls -tl
 1165  vi vipractice
 1166  mv vipractice vipractice_searchprac
 1167  vi vipractice_grep_prac
 1168  cat vipractice_grep_prac 
 1169  ls | grep "fobo*" 
 1170  grep Fruit vipractice_grep_prac 
 1171  grep '^A' vipractice_grep_prac 
 1172  grep '6$' vipractice_grep_prac 
 1173  grep '1..' vipractice_grep_prac 
 1174  grep -rl "fi"  
 1175  cat hello
 1176  vi hello
 1177  grep -rl "fi"  
 1178  grep  "fruit"  
 1179  grep "fruit" /home/akshay/Linux_training/Work1/ 
 1180  grep -rl "fruit" /home/akshay/Linux_training/Work1/ 
 1181  grep -rl "fi"  
 1182  grep -rl "fruit"  
 1183  grep -rlt "fruit"   
 1184  grep -rl "fruit"   
 1185  sls
 1186  ls
 1187  ls -t
 1188  cd ..
 1189  ls
 1190  cd Work2/
 1191  ls
 1192  cd ..
 1193  cd Worl1
 1194  cd Work1
 1195  ls
 1196  ls -lt
 1197  grep -arl "fruit" 
 1198  grep "fruit"  
 1199  grep "fruit"  vipractice_searchprac 
 1200  grep "fruit"  vipractice_grep_prac 
 1201  grep  -rl "fruit" 
 1202  ls
 1203  grep "Fruit"  vipractice_grep_prac 
 1204  grep -rl "Fruit"  vipractice_grep_prac 
 1205  grep -rl "Fruit"  
 1206  grep -rl "Apple"  
 1207  grep -rl "Love"  
 1208  rm .Love_prob.swp 
 1209  grep '^[AT]' vipractice_grep_prac 
 1210  grep '^[^AT]' vipractice_grep_prac 
 1211  grep -l "Apple"  
 1212  grep -i "apple"  
 1213  grep -i "apple"  vipractice_grep_prac 
 1214  grep -i "banana"  vipractice_grep_prac 
 1215  grep -l "banana"  vipractice_grep_prac vi 
 1216  vi banana
 1217  grep -l "banana"  vipractice_grep_prac 
 1218  rm banana 
 1219  vi vipractice_grep_prac 
 1220  exit
 1221  cd /
 1222  ls 
 1223  ls s*
 1224  grep -rl "a"
 1225  grep -rl "aa"
 1226  grep -rl "akshay"
 1227  exit
 1228  cd
 1229  cd C_programming/Ctraining/
 1230  ls
 1231  ls | grep "fibo"
 1232  ls | grep "fibonocci"
 1233  ls | grep -o "fibonocci"
 1234  ls | grep -rl "fibonocci"
 1235  ls | grep -rl "fibo"
 1236  ls | grep -rl "fib"
 1237  cat fibo.c 
 1238  :wq
 1239  grep -rl "fib" ls
 1240  grep -rl "fib" ~/C_programming/Ctraining/
 1241  grep -rl "fib" 
 1242  grep -arl "fib" 
 1243  cat fibo
 1244  cat fibo.c 
 1245  :Wq
 1246  ls
 1247  grep -arl "str" 
 1248  exit
 1249  tty
 1250  jps
 1251  ps
 1252  tty
 1253  top
 1254  ps -ef
 1255  kill -9 2423 
 1256  kill -9 2429
 1257  kill -9 2415 
 1258  ps -ef
 1259  kill -9 2432
 1260  exit
 1261  ls
 1262  exit
 1263  ls
 1264  cd Linux_training/Work2/
 1265  vi disk_utilization.sh 
 1266  bash disk_utilization.sh 
 1267  sudo user akshay
 1268  top 
 1269  cd /
 1270  ls
 1271  cd boot/
 1272  ls
 1273  cd ..
 1274  cd /cdrom/
 1275  ls
 1276  cd ..
 1277  cd dev/
 1278  ls
 1279  cd /proc/
 1280  ls
 1281  ls 2332/ 
 1282  ls -l | wc -l 
 1283  exit
 1284  exi
 1285  exit
 1286  sudo init 0  
 1287  tty
 1288  cd ..
 1289  stat shortcut_working/
 1290  ls 
 1291  stat disk_utilization.sh 
 1292  exit
 1293  tty
 1294  cd Linux_training/Work1/
 1295  ls 
 1296  grep -P '\s6' vipractice_grep_prac 
 1297  vi vipractice_grep_prac 
 1298  grep -P '\s6' vipractice_grep_prac 
 1299  man grep 
 1300  sudo init 1 
 1301  ls
 1302  sudo init 2 
 1303  cd Downloads
 1304  ls 
 1305  tar -xvf 
 1306  tar -xvf  linux-6.7.make menuconfig
 1307  exit
 1308  ls
 1309  echo `PWD`
 1310  echo `pwd`
 1311  echo `ls`
 1312  CD Linux_training/Work1/
 1313  ls
 1314  cd Linux_training/Work1/
 1315  ls
 1316  gcc -s main_prog.c 
 1317  gcc -S main_prog.c 
 1318  ls 
 1319  file main_prog.s 
 1320  gcc -c main_prog.c 
 1321  file main_prog.o
 1322  ls 
 1323  ls main_prog.
 1324  ls main_prog*
 1325  cat main_prog.s
 1326  cat main_prog.o
 1327  ls -lF |  grep '/'
 1328  ls -lF |  grep '*/'
 1329  ls -lF |  grep '/'
 1330  cd create_lib/
 1331  ls
 1332  ls l
 1333  ls -l
 1334  man ls
 1335  man ar
 1336  nm lib.a
 1337  ls
 1338  mkdir dynamic_lib
 1339  ls
 1340  cd dynamic_lib/
 1341  vi 
 1342  vi main_prog
 1343  mv main_prog main_prog.c
 1344  vi main_prog.c 
 1345  gcc main_prog.c 
 1346  vi main_prog.c 
 1347  gcc main_prog.c 
 1348  ./a.out 
 1349  cp main_prog.c main_program.c
 1350  vi main_program.c 
 1351  gcc main_program.c add.c sub.c mul.c div.c 
 1352  ./a.out 
 1353  vi main_prog.c 
 1354  cd ..
 1355  ls
 1356  cat main_prog.scd ..
 1357  cd..
 1358  cd ..
 1359  ls
 1360  cd Logs/
 1361  history > 29_02_24.log
